# JRE version: OpenJDK Runtime Environment Temurin-21.0.8+9 (21.0.8+9) (build 21.0.8+9-LTS)
# Java VM: OpenJDK 64-Bit Server VM Temurin-21.0.8+9 (21.0.8+9-LTS, mixed mode, sharing, tiered, compressed oops, compressed class ptrs, parallel gc, windows-amd64)
GC Precious Log:
 CardTable entry size: 512
 CPUs: 12 total, 12 available
 Memory: 16095M
 Large Page Support: Disabled
 NUMA Support: Disabled
 Compressed Oops: Enabled (32-bit)
 Alignments: Space 512K, Generation 512K, Heap 2M
 Heap Min Capacity: 100M
 Heap Initial Capacity: 100M
 Heap Max Capacity: 2G
 Pre-touch: Disabled
 Parallel Workers: 10
Heap:
 PSYoungGen      total 25600K, used 7578K [0x00000000d5580000, 0x00000000d7300000, 0x0000000100000000)
  eden space 22016K, 29% used [0x00000000d5580000,0x00000000d5bbeb78,0x00000000d6b00000)
  from space 3584K, 33% used [0x00000000d6d00000,0x00000000d6e28000,0x00000000d7080000)
  to   space 1536K, 0% used [0x00000000d7180000,0x00000000d7180000,0x00000000d7300000)
 ParOldGen       total 68608K, used 27778K [0x0000000080000000, 0x0000000084300000, 0x00000000d5580000)
  object space 68608K, 40% used [0x0000000080000000,0x0000000081b20a70,0x0000000084300000)
 Metaspace       used 43512K, committed 44800K, reserved 1114112K
  class space    used 4709K, committed 5312K, reserved 1048576K
GC Heap History (20 events):
Event: 3.035 GC heap before
{Heap before GC invocations=10 (full 1):
 PSYoungGen      total 25600K, used 25256K [0x00000000d5580000, 0x00000000d7480000, 0x0000000100000000)
  eden space 24064K, 100% used [0x00000000d5580000,0x00000000d6d00000,0x00000000d6d00000)
  from space 1536K, 77% used [0x00000000d7300000,0x00000000d742a200,0x00000000d7480000)
  to   space 2560K, 0% used [0x00000000d6f80000,0x00000000d6f80000,0x00000000d7200000)
 ParOldGen       total 68608K, used 12862K [0x0000000080000000, 0x0000000084300000, 0x00000000d5580000)
  object space 68608K, 18% used [0x0000000080000000,0x0000000080c8fbb8,0x0000000084300000)
 Metaspace       used 26310K, committed 27328K, reserved 1114112K
  class space    used 2640K, committed 3072K, reserved 1048576K
}
Event: 3.036 GC heap after
{Heap after GC invocations=10 (full 1):
 PSYoungGen      total 25088K, used 1437K [0x00000000d5580000, 0x00000000d7380000, 0x0000000100000000)
  eden space 23552K, 0% used [0x00000000d5580000,0x00000000d5580000,0x00000000d6c80000)
  from space 1536K, 93% used [0x00000000d6f80000,0x00000000d70e7520,0x00000000d7100000)
  to   space 2048K, 0% used [0x00000000d7180000,0x00000000d7180000,0x00000000d7380000)
 ParOldGen       total 68608K, used 12862K [0x0000000080000000, 0x0000000084300000, 0x00000000d5580000)
  object space 68608K, 18% used [0x0000000080000000,0x0000000080c8fbb8,0x0000000084300000)
 Metaspace       used 26310K, committed 27328K, reserved 1114112K
  class space    used 2640K, committed 3072K, reserved 1048576K
}
Event: 3.220 GC heap before
{Heap before GC invocations=11 (full 1):
 PSYoungGen      total 25088K, used 24989K [0x00000000d5580000, 0x00000000d7380000, 0x0000000100000000)
  eden space 23552K, 100% used [0x00000000d5580000,0x00000000d6c80000,0x00000000d6c80000)
  from space 1536K, 93% used [0x00000000d6f80000,0x00000000d70e7520,0x00000000d7100000)
  to   space 2048K, 0% used [0x00000000d7180000,0x00000000d7180000,0x00000000d7380000)
 ParOldGen       total 68608K, used 12862K [0x0000000080000000, 0x0000000084300000, 0x00000000d5580000)
  object space 68608K, 18% used [0x0000000080000000,0x0000000080c8fbb8,0x0000000084300000)
 Metaspace       used 27910K, committed 28928K, reserved 1114112K
  class space    used 2764K, committed 3200K, reserved 1048576K
}
Event: 3.222 GC heap after
{Heap after GC invocations=11 (full 1):
 PSYoungGen      total 25088K, used 1947K [0x00000000d5580000, 0x00000000d7380000, 0x0000000100000000)
  eden space 23040K, 0% used [0x00000000d5580000,0x00000000d5580000,0x00000000d6c00000)
  from space 2048K, 95% used [0x00000000d7180000,0x00000000d7366da0,0x00000000d7380000)
  to   space 2048K, 0% used [0x00000000d6f80000,0x00000000d6f80000,0x00000000d7180000)
 ParOldGen       total 68608K, used 14653K [0x0000000080000000, 0x0000000084300000, 0x00000000d5580000)
  object space 68608K, 21% used [0x0000000080000000,0x0000000080e4f738,0x0000000084300000)
 Metaspace       used 27910K, committed 28928K, reserved 1114112K
  class space    used 2764K, committed 3200K, reserved 1048576K
}
Event: 3.445 GC heap before
{Heap before GC invocations=12 (full 1):
 PSYoungGen      total 25088K, used 24951K [0x00000000d5580000, 0x00000000d7380000, 0x0000000100000000)
  eden space 23040K, 99% used [0x00000000d5580000,0x00000000d6bf6e98,0x00000000d6c00000)
  from space 2048K, 95% used [0x00000000d7180000,0x00000000d7366da0,0x00000000d7380000)
  to   space 2048K, 0% used [0x00000000d6f80000,0x00000000d6f80000,0x00000000d7180000)
 ParOldGen       total 68608K, used 14970K [0x0000000080000000, 0x0000000084300000, 0x00000000d5580000)
  object space 68608K, 21% used [0x0000000080000000,0x0000000080e9e978,0x0000000084300000)
 Metaspace       used 31242K, committed 32448K, reserved 1114112K
  class space    used 3124K, committed 3648K, reserved 1048576K
}
Event: 3.448 GC heap after
{Heap after GC invocations=12 (full 1):
 PSYoungGen      total 25088K, used 2016K [0x00000000d5580000, 0x00000000d7500000, 0x0000000100000000)
  eden space 23040K, 0% used [0x00000000d5580000,0x00000000d5580000,0x00000000d6c00000)
  from space 2048K, 98% used [0x00000000d6f80000,0x00000000d71783c8,0x00000000d7180000)
  to   space 3584K, 0% used [0x00000000d7180000,0x00000000d7180000,0x00000000d7500000)
 ParOldGen       total 68608K, used 16910K [0x0000000080000000, 0x0000000084300000, 0x00000000d5580000)
  object space 68608K, 24% used [0x0000000080000000,0x0000000081083948,0x0000000084300000)
 Metaspace       used 31242K, committed 32448K, reserved 1114112K
  class space    used 3124K, committed 3648K, reserved 1048576K
}
Event: 3.644 GC heap before
{Heap before GC invocations=13 (full 1):
 PSYoungGen      total 25088K, used 25056K [0x00000000d5580000, 0x00000000d7500000, 0x0000000100000000)
  eden space 23040K, 100% used [0x00000000d5580000,0x00000000d6c00000,0x00000000d6c00000)
  from space 2048K, 98% used [0x00000000d6f80000,0x00000000d71783c8,0x00000000d7180000)
  to   space 3584K, 0% used [0x00000000d7180000,0x00000000d7180000,0x00000000d7500000)
 ParOldGen       total 68608K, used 16912K [0x0000000080000000, 0x0000000084300000, 0x00000000d5580000)
  object space 68608K, 24% used [0x0000000080000000,0x0000000081084150,0x0000000084300000)
 Metaspace       used 33926K, committed 35136K, reserved 1114112K
  class space    used 3465K, committed 3968K, reserved 1048576K
}
Event: 3.647 GC heap after
{Heap after GC invocations=13 (full 1):
 PSYoungGen      total 25088K, used 2192K [0x00000000d5580000, 0x00000000d7400000, 0x0000000100000000)
  eden space 22528K, 0% used [0x00000000d5580000,0x00000000d5580000,0x00000000d6b80000)
  from space 2560K, 85% used [0x00000000d7180000,0x00000000d73a4010,0x00000000d7400000)
  to   space 3072K, 0% used [0x00000000d6e00000,0x00000000d6e00000,0x00000000d7100000)
 ParOldGen       total 68608K, used 18800K [0x0000000080000000, 0x0000000084300000, 0x00000000d5580000)
  object space 68608K, 27% used [0x0000000080000000,0x000000008125c2f8,0x0000000084300000)
 Metaspace       used 33926K, committed 35136K, reserved 1114112K
  class space    used 3465K, committed 3968K, reserved 1048576K
}
Event: 3.692 GC heap before
{Heap before GC invocations=14 (full 1):
 PSYoungGen      total 25088K, used 8911K [0x00000000d5580000, 0x00000000d7400000, 0x0000000100000000)
  eden space 22528K, 29% used [0x00000000d5580000,0x00000000d5c0fd90,0x00000000d6b80000)
  from space 2560K, 85% used [0x00000000d7180000,0x00000000d73a4010,0x00000000d7400000)
  to   space 3072K, 0% used [0x00000000d6e00000,0x00000000d6e00000,0x00000000d7100000)
 ParOldGen       total 68608K, used 18800K [0x0000000080000000, 0x0000000084300000, 0x00000000d5580000)
  object space 68608K, 27% used [0x0000000080000000,0x000000008125c2f8,0x0000000084300000)
 Metaspace       used 34687K, committed 35840K, reserved 1114112K
  class space    used 3546K, committed 4032K, reserved 1048576K
}
Event: 3.694 GC heap after
{Heap after GC invocations=14 (full 1):
 PSYoungGen      total 23552K, used 715K [0x00000000d5580000, 0x00000000d7200000, 0x0000000100000000)
  eden space 22528K, 0% used [0x00000000d5580000,0x00000000d5580000,0x00000000d6b80000)
  from space 1024K, 69% used [0x00000000d6e00000,0x00000000d6eb2cf0,0x00000000d6f00000)
  to   space 1536K, 0% used [0x00000000d7080000,0x00000000d7080000,0x00000000d7200000)
 ParOldGen       total 68608K, used 20765K [0x0000000080000000, 0x0000000084300000, 0x00000000d5580000)
  object space 68608K, 30% used [0x0000000080000000,0x00000000814476e0,0x0000000084300000)
 Metaspace       used 34687K, committed 35840K, reserved 1114112K
  class space    used 3546K, committed 4032K, reserved 1048576K
}
Event: 3.694 GC heap before
{Heap before GC invocations=15 (full 2):
 PSYoungGen      total 23552K, used 715K [0x00000000d5580000, 0x00000000d7200000, 0x0000000100000000)
  eden space 22528K, 0% used [0x00000000d5580000,0x00000000d5580000,0x00000000d6b80000)
  from space 1024K, 69% used [0x00000000d6e00000,0x00000000d6eb2cf0,0x00000000d6f00000)
  to   space 1536K, 0% used [0x00000000d7080000,0x00000000d7080000,0x00000000d7200000)
 ParOldGen       total 68608K, used 20765K [0x0000000080000000, 0x0000000084300000, 0x00000000d5580000)
  object space 68608K, 30% used [0x0000000080000000,0x00000000814476e0,0x0000000084300000)
 Metaspace       used 34687K, committed 35840K, reserved 1114112K
  class space    used 3546K, committed 4032K, reserved 1048576K
}
Event: 3.721 GC heap after
{Heap after GC invocations=15 (full 2):
 PSYoungGen      total 23552K, used 0K [0x00000000d5580000, 0x00000000d7200000, 0x0000000100000000)
  eden space 22528K, 0% used [0x00000000d5580000,0x00000000d5580000,0x00000000d6b80000)
  from space 1024K, 0% used [0x00000000d6e00000,0x00000000d6e00000,0x00000000d6f00000)
  to   space 1536K, 0% used [0x00000000d7080000,0x00000000d7080000,0x00000000d7200000)
 ParOldGen       total 68608K, used 20246K [0x0000000080000000, 0x0000000084300000, 0x00000000d5580000)
  object space 68608K, 29% used [0x0000000080000000,0x00000000813c5910,0x0000000084300000)
 Metaspace       used 34687K, committed 35840K, reserved 1114112K
  class space    used 3546K, committed 4032K, reserved 1048576K
}
Event: 3.952 GC heap before
{Heap before GC invocations=16 (full 2):
 PSYoungGen      total 23552K, used 22528K [0x00000000d5580000, 0x00000000d7200000, 0x0000000100000000)
  eden space 22528K, 100% used [0x00000000d5580000,0x00000000d6b80000,0x00000000d6b80000)
  from space 1024K, 0% used [0x00000000d6e00000,0x00000000d6e00000,0x00000000d6f00000)
  to   space 1536K, 0% used [0x00000000d7080000,0x00000000d7080000,0x00000000d7200000)
 ParOldGen       total 68608K, used 20246K [0x0000000080000000, 0x0000000084300000, 0x00000000d5580000)
  object space 68608K, 29% used [0x0000000080000000,0x00000000813c5910,0x0000000084300000)
 Metaspace       used 37450K, committed 38656K, reserved 1114112K
  class space    used 3920K, committed 4480K, reserved 1048576K
}
Event: 3.955 GC heap after
{Heap after GC invocations=16 (full 2):
 PSYoungGen      total 23552K, used 1504K [0x00000000d5580000, 0x00000000d7200000, 0x0000000100000000)
  eden space 22016K, 0% used [0x00000000d5580000,0x00000000d5580000,0x00000000d6b00000)
  from space 1536K, 97% used [0x00000000d7080000,0x00000000d71f8000,0x00000000d7200000)
  to   space 2048K, 0% used [0x00000000d6e00000,0x00000000d6e00000,0x00000000d7000000)
 ParOldGen       total 68608K, used 20254K [0x0000000080000000, 0x0000000084300000, 0x00000000d5580000)
  object space 68608K, 29% used [0x0000000080000000,0x00000000813c7910,0x0000000084300000)
 Metaspace       used 37450K, committed 38656K, reserved 1114112K
  class space    used 3920K, committed 4480K, reserved 1048576K
}
Event: 4.097 GC heap before
{Heap before GC invocations=17 (full 2):
 PSYoungGen      total 23552K, used 23520K [0x00000000d5580000, 0x00000000d7200000, 0x0000000100000000)
  eden space 22016K, 100% used [0x00000000d5580000,0x00000000d6b00000,0x00000000d6b00000)
  from space 1536K, 97% used [0x00000000d7080000,0x00000000d71f8000,0x00000000d7200000)
  to   space 2048K, 0% used [0x00000000d6e00000,0x00000000d6e00000,0x00000000d7000000)
 ParOldGen       total 68608K, used 20254K [0x0000000080000000, 0x0000000084300000, 0x00000000d5580000)
  object space 68608K, 29% used [0x0000000080000000,0x00000000813c7910,0x0000000084300000)
 Metaspace       used 38252K, committed 39424K, reserved 1114112K
  class space    used 4041K, committed 4608K, reserved 1048576K
}
Event: 4.100 GC heap after
{Heap after GC invocations=17 (full 2):
 PSYoungGen      total 24064K, used 2040K [0x00000000d5580000, 0x00000000d7a00000, 0x0000000100000000)
  eden space 22016K, 0% used [0x00000000d5580000,0x00000000d5580000,0x00000000d6b00000)
  from space 2048K, 99% used [0x00000000d6e00000,0x00000000d6ffe280,0x00000000d7000000)
  to   space 7680K, 0% used [0x00000000d7280000,0x00000000d7280000,0x00000000d7a00000)
 ParOldGen       total 68608K, used 24857K [0x0000000080000000, 0x0000000084300000, 0x00000000d5580000)
  object space 68608K, 36% used [0x0000000080000000,0x0000000081846460,0x0000000084300000)
 Metaspace       used 38252K, committed 39424K, reserved 1114112K
  class space    used 4041K, committed 4608K, reserved 1048576K
}
Event: 4.375 GC heap before
{Heap before GC invocations=18 (full 2):
 PSYoungGen      total 24064K, used 24056K [0x00000000d5580000, 0x00000000d7a00000, 0x0000000100000000)
  eden space 22016K, 100% used [0x00000000d5580000,0x00000000d6b00000,0x00000000d6b00000)
  from space 2048K, 99% used [0x00000000d6e00000,0x00000000d6ffe280,0x00000000d7000000)
  to   space 7680K, 0% used [0x00000000d7280000,0x00000000d7280000,0x00000000d7a00000)
 ParOldGen       total 68608K, used 24857K [0x0000000080000000, 0x0000000084300000, 0x00000000d5580000)
  object space 68608K, 36% used [0x0000000080000000,0x0000000081846460,0x0000000084300000)
 Metaspace       used 40014K, committed 41344K, reserved 1114112K
  class space    used 4278K, committed 4864K, reserved 1048576K
}
Event: 4.377 GC heap after
{Heap after GC invocations=18 (full 2):
 PSYoungGen      total 23552K, used 1184K [0x00000000d5580000, 0x00000000d7400000, 0x0000000100000000)
  eden space 22016K, 0% used [0x00000000d5580000,0x00000000d5580000,0x00000000d6b00000)
  from space 1536K, 77% used [0x00000000d7280000,0x00000000d73a8000,0x00000000d7400000)
  to   space 3584K, 0% used [0x00000000d6d00000,0x00000000d6d00000,0x00000000d7080000)
 ParOldGen       total 68608K, used 26802K [0x0000000080000000, 0x0000000084300000, 0x00000000d5580000)
  object space 68608K, 39% used [0x0000000080000000,0x0000000081a2ca60,0x0000000084300000)
 Metaspace       used 40014K, committed 41344K, reserved 1114112K
  class space    used 4278K, committed 4864K, reserved 1048576K
}
Event: 4.727 GC heap before
{Heap before GC invocations=19 (full 2):
 PSYoungGen      total 23552K, used 23200K [0x00000000d5580000, 0x00000000d7400000, 0x0000000100000000)
  eden space 22016K, 100% used [0x00000000d5580000,0x00000000d6b00000,0x00000000d6b00000)
  from space 1536K, 77% used [0x00000000d7280000,0x00000000d73a8000,0x00000000d7400000)
  to   space 3584K, 0% used [0x00000000d6d00000,0x00000000d6d00000,0x00000000d7080000)
 ParOldGen       total 68608K, used 26802K [0x0000000080000000, 0x0000000084300000, 0x00000000d5580000)
  object space 68608K, 39% used [0x0000000080000000,0x0000000081a2ca60,0x0000000084300000)
 Metaspace       used 42632K, committed 43840K, reserved 1114112K
  class space    used 4606K, committed 5184K, reserved 1048576K
}
Event: 4.729 GC heap after
{Heap after GC invocations=19 (full 2):
 PSYoungGen      total 25600K, used 1184K [0x00000000d5580000, 0x00000000d7300000, 0x0000000100000000)
  eden space 22016K, 0% used [0x00000000d5580000,0x00000000d5580000,0x00000000d6b00000)
  from space 3584K, 33% used [0x00000000d6d00000,0x00000000d6e28000,0x00000000d7080000)
  to   space 1536K, 0% used [0x00000000d7180000,0x00000000d7180000,0x00000000d7300000)
 ParOldGen       total 68608K, used 27778K [0x0000000080000000, 0x0000000084300000, 0x00000000d5580000)
  object space 68608K, 40% used [0x0000000080000000,0x0000000081b20a70,0x0000000084300000)
 Metaspace       used 42632K, committed 43840K, reserved 1114112K
  class space    used 4606K, committed 5184K, reserved 1048576K
}

