# JRE version: OpenJDK Runtime Environment Temurin-21.0.8+9 (21.0.8+9) (build 21.0.8+9-LTS)
# Java VM: OpenJDK 64-Bit Server VM Temurin-21.0.8+9 (21.0.8+9-LTS, mixed mode, sharing, tiered, compressed oops, compressed class ptrs, parallel gc, windows-amd64)
GC Precious Log:
 CardTable entry size: 512
 CPUs: 12 total, 12 available
 Memory: 16095M
 Large Page Support: Disabled
 NUMA Support: Disabled
 Compressed Oops: Enabled (32-bit)
 Alignments: Space 512K, Generation 512K, Heap 2M
 Heap Min Capacity: 100M
 Heap Initial Capacity: 100M
 Heap Max Capacity: 2G
 Pre-touch: Disabled
 Parallel Workers: 10
Heap:
 PSYoungGen      total 20480K, used 13252K [0x00000000d5580000, 0x00000000d6c00000, 0x0000000100000000)
  eden space 18432K, 63% used [0x00000000d5580000,0x00000000d60e9390,0x00000000d6780000)
  from space 2048K, 76% used [0x00000000d6a00000,0x00000000d6b88000,0x00000000d6c00000)
  to   space 2048K, 0% used [0x00000000d6800000,0x00000000d6800000,0x00000000d6a00000)
 ParOldGen       total 78336K, used 66165K [0x0000000080000000, 0x0000000084c80000, 0x00000000d5580000)
  object space 78336K, 84% used [0x0000000080000000,0x000000008409d690,0x0000000084c80000)
 Metaspace       used 63441K, committed 65024K, reserved 1114112K
  class space    used 6791K, committed 7488K, reserved 1048576K
GC Heap History (20 events):
Event: 142.791 GC heap before
{Heap before GC invocations=64 (full 2):
 PSYoungGen      total 23040K, used 22656K [0x00000000d5580000, 0x00000000d6d00000, 0x0000000100000000)
  eden space 22016K, 100% used [0x00000000d5580000,0x00000000d6b00000,0x00000000d6b00000)
  from space 1024K, 62% used [0x00000000d6b00000,0x00000000d6ba0000,0x00000000d6c00000)
  to   space 1024K, 0% used [0x00000000d6c00000,0x00000000d6c00000,0x00000000d6d00000)
 ParOldGen       total 75264K, used 75076K [0x0000000080000000, 0x0000000084980000, 0x00000000d5580000)
  object space 75264K, 99% used [0x0000000080000000,0x0000000084951170,0x0000000084980000)
 Metaspace       used 54421K, committed 55808K, reserved 1114112K
  class space    used 5800K, committed 6400K, reserved 1048576K
}
Event: 142.793 GC heap after
{Heap after GC invocations=64 (full 2):
 PSYoungGen      total 21504K, used 1024K [0x00000000d5580000, 0x00000000d7000000, 0x0000000100000000)
  eden space 20480K, 0% used [0x00000000d5580000,0x00000000d5580000,0x00000000d6980000)
  from space 1024K, 100% used [0x00000000d6c00000,0x00000000d6d00000,0x00000000d6d00000)
  to   space 2560K, 0% used [0x00000000d6980000,0x00000000d6980000,0x00000000d6c00000)
 ParOldGen       total 76288K, used 76180K [0x0000000080000000, 0x0000000084a80000, 0x00000000d5580000)
  object space 76288K, 99% used [0x0000000080000000,0x0000000084a65180,0x0000000084a80000)
 Metaspace       used 54421K, committed 55808K, reserved 1114112K
  class space    used 5800K, committed 6400K, reserved 1048576K
}
Event: 143.159 GC heap before
{Heap before GC invocations=65 (full 2):
 PSYoungGen      total 21504K, used 21504K [0x00000000d5580000, 0x00000000d7000000, 0x0000000100000000)
  eden space 20480K, 100% used [0x00000000d5580000,0x00000000d6980000,0x00000000d6980000)
  from space 1024K, 100% used [0x00000000d6c00000,0x00000000d6d00000,0x00000000d6d00000)
  to   space 2560K, 0% used [0x00000000d6980000,0x00000000d6980000,0x00000000d6c00000)
 ParOldGen       total 76288K, used 76180K [0x0000000080000000, 0x0000000084a80000, 0x00000000d5580000)
  object space 76288K, 99% used [0x0000000080000000,0x0000000084a65180,0x0000000084a80000)
 Metaspace       used 56599K, committed 57984K, reserved 1114112K
  class space    used 6056K, committed 6656K, reserved 1048576K
}
Event: 143.161 GC heap after
{Heap after GC invocations=65 (full 2):
 PSYoungGen      total 21504K, used 862K [0x00000000d5580000, 0x00000000d6c80000, 0x0000000100000000)
  eden space 20480K, 0% used [0x00000000d5580000,0x00000000d5580000,0x00000000d6980000)
  from space 1024K, 84% used [0x00000000d6980000,0x00000000d6a57868,0x00000000d6a80000)
  to   space 1536K, 0% used [0x00000000d6b00000,0x00000000d6b00000,0x00000000d6c80000)
 ParOldGen       total 77312K, used 77111K [0x0000000080000000, 0x0000000084b80000, 0x00000000d5580000)
  object space 77312K, 99% used [0x0000000080000000,0x0000000084b4de60,0x0000000084b80000)
 Metaspace       used 56599K, committed 57984K, reserved 1114112K
  class space    used 6056K, committed 6656K, reserved 1048576K
}
Event: 143.719 GC heap before
{Heap before GC invocations=66 (full 2):
 PSYoungGen      total 21504K, used 21342K [0x00000000d5580000, 0x00000000d6c80000, 0x0000000100000000)
  eden space 20480K, 100% used [0x00000000d5580000,0x00000000d6980000,0x00000000d6980000)
  from space 1024K, 84% used [0x00000000d6980000,0x00000000d6a57868,0x00000000d6a80000)
  to   space 1536K, 0% used [0x00000000d6b00000,0x00000000d6b00000,0x00000000d6c80000)
 ParOldGen       total 77312K, used 77111K [0x0000000080000000, 0x0000000084b80000, 0x00000000d5580000)
  object space 77312K, 99% used [0x0000000080000000,0x0000000084b4de60,0x0000000084b80000)
 Metaspace       used 57369K, committed 58816K, reserved 1114112K
  class space    used 6165K, committed 6784K, reserved 1048576K
}
Event: 143.720 GC heap after
{Heap after GC invocations=66 (full 2):
 PSYoungGen      total 21504K, used 512K [0x00000000d5580000, 0x00000000d6c00000, 0x0000000100000000)
  eden space 20480K, 0% used [0x00000000d5580000,0x00000000d5580000,0x00000000d6980000)
  from space 1024K, 50% used [0x00000000d6b00000,0x00000000d6b80010,0x00000000d6c00000)
  to   space 1024K, 0% used [0x00000000d6980000,0x00000000d6980000,0x00000000d6a80000)
 ParOldGen       total 78336K, used 77829K [0x0000000080000000, 0x0000000084c80000, 0x00000000d5580000)
  object space 78336K, 99% used [0x0000000080000000,0x0000000084c01570,0x0000000084c80000)
 Metaspace       used 57369K, committed 58816K, reserved 1114112K
  class space    used 6165K, committed 6784K, reserved 1048576K
}
Event: 143.982 GC heap before
{Heap before GC invocations=67 (full 2):
 PSYoungGen      total 21504K, used 12795K [0x00000000d5580000, 0x00000000d6c00000, 0x0000000100000000)
  eden space 20480K, 59% used [0x00000000d5580000,0x00000000d617eef8,0x00000000d6980000)
  from space 1024K, 50% used [0x00000000d6b00000,0x00000000d6b80010,0x00000000d6c00000)
  to   space 1024K, 0% used [0x00000000d6980000,0x00000000d6980000,0x00000000d6a80000)
 ParOldGen       total 78336K, used 77829K [0x0000000080000000, 0x0000000084c80000, 0x00000000d5580000)
  object space 78336K, 99% used [0x0000000080000000,0x0000000084c01570,0x0000000084c80000)
 Metaspace       used 58373K, committed 59776K, reserved 1114112K
  class space    used 6264K, committed 6848K, reserved 1048576K
}
Event: 143.984 GC heap after
{Heap after GC invocations=67 (full 2):
 PSYoungGen      total 21504K, used 896K [0x00000000d5580000, 0x00000000d6b80000, 0x0000000100000000)
  eden space 20480K, 0% used [0x00000000d5580000,0x00000000d5580000,0x00000000d6980000)
  from space 1024K, 87% used [0x00000000d6980000,0x00000000d6a60000,0x00000000d6a80000)
  to   space 1024K, 0% used [0x00000000d6a80000,0x00000000d6a80000,0x00000000d6b80000)
 ParOldGen       total 78336K, used 78106K [0x0000000080000000, 0x0000000084c80000, 0x00000000d5580000)
  object space 78336K, 99% used [0x0000000080000000,0x0000000084c468b8,0x0000000084c80000)
 Metaspace       used 58373K, committed 59776K, reserved 1114112K
  class space    used 6264K, committed 6848K, reserved 1048576K
}
Event: 143.984 GC heap before
{Heap before GC invocations=68 (full 3):
 PSYoungGen      total 21504K, used 896K [0x00000000d5580000, 0x00000000d6b80000, 0x0000000100000000)
  eden space 20480K, 0% used [0x00000000d5580000,0x00000000d5580000,0x00000000d6980000)
  from space 1024K, 87% used [0x00000000d6980000,0x00000000d6a60000,0x00000000d6a80000)
  to   space 1024K, 0% used [0x00000000d6a80000,0x00000000d6a80000,0x00000000d6b80000)
 ParOldGen       total 78336K, used 78106K [0x0000000080000000, 0x0000000084c80000, 0x00000000d5580000)
  object space 78336K, 99% used [0x0000000080000000,0x0000000084c468b8,0x0000000084c80000)
 Metaspace       used 58373K, committed 59776K, reserved 1114112K
  class space    used 6264K, committed 6848K, reserved 1048576K
}
Event: 144.073 GC heap after
{Heap after GC invocations=68 (full 3):
 PSYoungGen      total 21504K, used 0K [0x00000000d5580000, 0x00000000d6b80000, 0x0000000100000000)
  eden space 20480K, 0% used [0x00000000d5580000,0x00000000d5580000,0x00000000d6980000)
  from space 1024K, 0% used [0x00000000d6980000,0x00000000d6980000,0x00000000d6a80000)
  to   space 1024K, 0% used [0x00000000d6a80000,0x00000000d6a80000,0x00000000d6b80000)
 ParOldGen       total 78336K, used 60891K [0x0000000080000000, 0x0000000084c80000, 0x00000000d5580000)
  object space 78336K, 77% used [0x0000000080000000,0x0000000083b76ea0,0x0000000084c80000)
 Metaspace       used 58363K, committed 59776K, reserved 1114112K
  class space    used 6261K, committed 6848K, reserved 1048576K
}
Event: 144.453 GC heap before
{Heap before GC invocations=69 (full 3):
 PSYoungGen      total 21504K, used 20480K [0x00000000d5580000, 0x00000000d6b80000, 0x0000000100000000)
  eden space 20480K, 100% used [0x00000000d5580000,0x00000000d6980000,0x00000000d6980000)
  from space 1024K, 0% used [0x00000000d6980000,0x00000000d6980000,0x00000000d6a80000)
  to   space 1024K, 0% used [0x00000000d6a80000,0x00000000d6a80000,0x00000000d6b80000)
 ParOldGen       total 78336K, used 60891K [0x0000000080000000, 0x0000000084c80000, 0x00000000d5580000)
  object space 78336K, 77% used [0x0000000080000000,0x0000000083b76ea0,0x0000000084c80000)
 Metaspace       used 60437K, committed 61760K, reserved 1114112K
  class space    used 6477K, committed 7040K, reserved 1048576K
}
Event: 144.454 GC heap after
{Heap after GC invocations=69 (full 3):
 PSYoungGen      total 19456K, used 1015K [0x00000000d5580000, 0x00000000d6f80000, 0x0000000100000000)
  eden space 18432K, 0% used [0x00000000d5580000,0x00000000d5580000,0x00000000d6780000)
  from space 1024K, 99% used [0x00000000d6a80000,0x00000000d6b7de68,0x00000000d6b80000)
  to   space 3072K, 0% used [0x00000000d6780000,0x00000000d6780000,0x00000000d6a80000)
 ParOldGen       total 78336K, used 62598K [0x0000000080000000, 0x0000000084c80000, 0x00000000d5580000)
  object space 78336K, 79% used [0x0000000080000000,0x0000000083d219e0,0x0000000084c80000)
 Metaspace       used 60437K, committed 61760K, reserved 1114112K
  class space    used 6477K, committed 7040K, reserved 1048576K
}
Event: 144.535 GC heap before
{Heap before GC invocations=70 (full 3):
 PSYoungGen      total 19456K, used 19447K [0x00000000d5580000, 0x00000000d6f80000, 0x0000000100000000)
  eden space 18432K, 100% used [0x00000000d5580000,0x00000000d6780000,0x00000000d6780000)
  from space 1024K, 99% used [0x00000000d6a80000,0x00000000d6b7de68,0x00000000d6b80000)
  to   space 3072K, 0% used [0x00000000d6780000,0x00000000d6780000,0x00000000d6a80000)
 ParOldGen       total 78336K, used 62598K [0x0000000080000000, 0x0000000084c80000, 0x00000000d5580000)
  object space 78336K, 79% used [0x0000000080000000,0x0000000083d219e0,0x0000000084c80000)
 Metaspace       used 60464K, committed 61888K, reserved 1114112K
  class space    used 6477K, committed 7040K, reserved 1048576K
}
Event: 144.537 GC heap after
{Heap after GC invocations=70 (full 3):
 PSYoungGen      total 19968K, used 1278K [0x00000000d5580000, 0x00000000d6b80000, 0x0000000100000000)
  eden space 18432K, 0% used [0x00000000d5580000,0x00000000d5580000,0x00000000d6780000)
  from space 1536K, 83% used [0x00000000d6780000,0x00000000d68bfb80,0x00000000d6900000)
  to   space 2048K, 0% used [0x00000000d6980000,0x00000000d6980000,0x00000000d6b80000)
 ParOldGen       total 78336K, used 63630K [0x0000000080000000, 0x0000000084c80000, 0x00000000d5580000)
  object space 78336K, 81% used [0x0000000080000000,0x0000000083e23848,0x0000000084c80000)
 Metaspace       used 60464K, committed 61888K, reserved 1114112K
  class space    used 6477K, committed 7040K, reserved 1048576K
}
Event: 144.611 GC heap before
{Heap before GC invocations=71 (full 3):
 PSYoungGen      total 19968K, used 19710K [0x00000000d5580000, 0x00000000d6b80000, 0x0000000100000000)
  eden space 18432K, 100% used [0x00000000d5580000,0x00000000d6780000,0x00000000d6780000)
  from space 1536K, 83% used [0x00000000d6780000,0x00000000d68bfb80,0x00000000d6900000)
  to   space 2048K, 0% used [0x00000000d6980000,0x00000000d6980000,0x00000000d6b80000)
 ParOldGen       total 78336K, used 63630K [0x0000000080000000, 0x0000000084c80000, 0x00000000d5580000)
  object space 78336K, 81% used [0x0000000080000000,0x0000000083e23848,0x0000000084c80000)
 Metaspace       used 61157K, committed 62592K, reserved 1114112K
  class space    used 6538K, committed 7104K, reserved 1048576K
}
Event: 144.613 GC heap after
{Heap after GC invocations=71 (full 3):
 PSYoungGen      total 18944K, used 256K [0x00000000d5580000, 0x00000000d6a00000, 0x0000000100000000)
  eden space 18432K, 0% used [0x00000000d5580000,0x00000000d5580000,0x00000000d6780000)
  from space 512K, 50% used [0x00000000d6980000,0x00000000d69c0000,0x00000000d6a00000)
  to   space 1024K, 0% used [0x00000000d6800000,0x00000000d6800000,0x00000000d6900000)
 ParOldGen       total 78336K, used 64302K [0x0000000080000000, 0x0000000084c80000, 0x00000000d5580000)
  object space 78336K, 82% used [0x0000000080000000,0x0000000083ecbbc8,0x0000000084c80000)
 Metaspace       used 61157K, committed 62592K, reserved 1114112K
  class space    used 6538K, committed 7104K, reserved 1048576K
}
Event: 145.225 GC heap before
{Heap before GC invocations=72 (full 3):
 PSYoungGen      total 18944K, used 18688K [0x00000000d5580000, 0x00000000d6a00000, 0x0000000100000000)
  eden space 18432K, 100% used [0x00000000d5580000,0x00000000d6780000,0x00000000d6780000)
  from space 512K, 50% used [0x00000000d6980000,0x00000000d69c0000,0x00000000d6a00000)
  to   space 1024K, 0% used [0x00000000d6800000,0x00000000d6800000,0x00000000d6900000)
 ParOldGen       total 78336K, used 64302K [0x0000000080000000, 0x0000000084c80000, 0x00000000d5580000)
  object space 78336K, 82% used [0x0000000080000000,0x0000000083ecbbc8,0x0000000084c80000)
 Metaspace       used 62220K, committed 63680K, reserved 1114112K
  class space    used 6653K, committed 7296K, reserved 1048576K
}
Event: 145.227 GC heap after
{Heap after GC invocations=72 (full 3):
 PSYoungGen      total 19456K, used 1018K [0x00000000d5580000, 0x00000000d6c80000, 0x0000000100000000)
  eden space 18432K, 0% used [0x00000000d5580000,0x00000000d5580000,0x00000000d6780000)
  from space 1024K, 99% used [0x00000000d6800000,0x00000000d68fe860,0x00000000d6900000)
  to   space 2560K, 0% used [0x00000000d6a00000,0x00000000d6a00000,0x00000000d6c80000)
 ParOldGen       total 78336K, used 65108K [0x0000000080000000, 0x0000000084c80000, 0x00000000d5580000)
  object space 78336K, 83% used [0x0000000080000000,0x0000000083f950e0,0x0000000084c80000)
 Metaspace       used 62220K, committed 63680K, reserved 1114112K
  class space    used 6653K, committed 7296K, reserved 1048576K
}
Event: 146.172 GC heap before
{Heap before GC invocations=73 (full 3):
 PSYoungGen      total 19456K, used 19450K [0x00000000d5580000, 0x00000000d6c80000, 0x0000000100000000)
  eden space 18432K, 100% used [0x00000000d5580000,0x00000000d6780000,0x00000000d6780000)
  from space 1024K, 99% used [0x00000000d6800000,0x00000000d68fe860,0x00000000d6900000)
  to   space 2560K, 0% used [0x00000000d6a00000,0x00000000d6a00000,0x00000000d6c80000)
 ParOldGen       total 78336K, used 65108K [0x0000000080000000, 0x0000000084c80000, 0x00000000d5580000)
  object space 78336K, 83% used [0x0000000080000000,0x0000000083f950e0,0x0000000084c80000)
 Metaspace       used 62869K, committed 64384K, reserved 1114112K
  class space    used 6737K, committed 7424K, reserved 1048576K
}
Event: 146.174 GC heap after
{Heap after GC invocations=73 (full 3):
 PSYoungGen      total 20480K, used 1568K [0x00000000d5580000, 0x00000000d6c00000, 0x0000000100000000)
  eden space 18432K, 0% used [0x00000000d5580000,0x00000000d5580000,0x00000000d6780000)
  from space 2048K, 76% used [0x00000000d6a00000,0x00000000d6b88000,0x00000000d6c00000)
  to   space 2048K, 0% used [0x00000000d6800000,0x00000000d6800000,0x00000000d6a00000)
 ParOldGen       total 78336K, used 66165K [0x0000000080000000, 0x0000000084c80000, 0x00000000d5580000)
  object space 78336K, 84% used [0x0000000080000000,0x000000008409d690,0x0000000084c80000)
 Metaspace       used 62869K, committed 64384K, reserved 1114112K
  class space    used 6737K, committed 7424K, reserved 1048576K
}

