# JRE version: Java(TM) SE Runtime Environment (21.0.8+12) (build 21.0.8+12-LTS-250)
# Java VM: Java HotSpot(TM) 64-Bit Server VM (21.0.8+12-LTS-250, mixed mode, sharing, tiered, compressed oops, compressed class ptrs, g1 gc, windows-amd64)
GC Precious Log:
 CardTable entry size: 512
 Card Set container configuration: InlinePtr #cards 4 size 8 Array Of Cards #cards 16 size 48 Howl #buckets 8 coarsen threshold 3686 Howl Bitmap #cards 512 size 80 coarsen threshold 460 Card regions per heap region 1 cards per card region 4096
 CPUs: 12 total, 12 available
 Memory: 16095M
 Large Page Support: Disabled
 NUMA Support: Disabled
 Compressed Oops: Enabled (Zero based)
 Heap Region Size: 2M
 Heap Min Capacity: 8M
 Heap Initial Capacity: 252M
 Heap Max Capacity: 4024M
 Pre-touch: Disabled
 Parallel Workers: 10
 Concurrent Workers: 3
 Concurrent Refinement Workers: 10
 Periodic GC: Disabled
Heap:
 garbage-first heap   total 61440K, used 28671K [0x0000000704800000, 0x0000000800000000)
  region size 2048K, 2 young (4096K), 2 survivors (4096K)
 Metaspace       used 64353K, committed 64896K, reserved 1114112K
  class space    used 8650K, committed 8896K, reserved 1048576K
GC Heap History (19 events):
Event: 0.629 GC heap before
{Heap before GC invocations=0 (full 0):
 garbage-first heap   total 258048K, used 22528K [0x0000000704800000, 0x0000000800000000)
  region size 2048K, 11 young (22528K), 0 survivors (0K)
 Metaspace       used 4494K, committed 4672K, reserved 1114112K
  class space    used 471K, committed 576K, reserved 1048576K
}
Event: 0.634 GC heap after
{Heap after GC invocations=1 (full 0):
 garbage-first heap   total 258048K, used 7998K [0x0000000704800000, 0x0000000800000000)
  region size 2048K, 2 young (4096K), 2 survivors (4096K)
 Metaspace       used 4494K, committed 4672K, reserved 1114112K
  class space    used 471K, committed 576K, reserved 1048576K
}
Event: 5.603 GC heap before
{Heap before GC invocations=1 (full 0):
 garbage-first heap   total 258048K, used 30526K [0x0000000704800000, 0x0000000800000000)
  region size 2048K, 13 young (26624K), 2 survivors (4096K)
 Metaspace       used 10690K, committed 10944K, reserved 1114112K
  class space    used 1291K, committed 1408K, reserved 1048576K
}
Event: 5.609 GC heap after
{Heap after GC invocations=2 (full 0):
 garbage-first heap   total 258048K, used 10161K [0x0000000704800000, 0x0000000800000000)
  region size 2048K, 1 young (2048K), 1 survivors (2048K)
 Metaspace       used 10690K, committed 10944K, reserved 1114112K
  class space    used 1291K, committed 1408K, reserved 1048576K
}
Event: 8.867 GC heap before
{Heap before GC invocations=2 (full 0):
 garbage-first heap   total 258048K, used 49073K [0x0000000704800000, 0x0000000800000000)
  region size 2048K, 22 young (45056K), 1 survivors (2048K)
 Metaspace       used 21107K, committed 21504K, reserved 1114112K
  class space    used 2691K, committed 2880K, reserved 1048576K
}
Event: 8.872 GC heap after
{Heap after GC invocations=3 (full 0):
 garbage-first heap   total 258048K, used 12736K [0x0000000704800000, 0x0000000800000000)
  region size 2048K, 3 young (6144K), 3 survivors (6144K)
 Metaspace       used 21107K, committed 21504K, reserved 1114112K
  class space    used 2691K, committed 2880K, reserved 1048576K
}
Event: 9.666 GC heap before
{Heap before GC invocations=4 (full 0):
 garbage-first heap   total 61440K, used 43456K [0x0000000704800000, 0x0000000800000000)
  region size 2048K, 18 young (36864K), 3 survivors (6144K)
 Metaspace       used 25183K, committed 25600K, reserved 1114112K
  class space    used 3209K, committed 3392K, reserved 1048576K
}
Event: 9.672 GC heap after
{Heap after GC invocations=5 (full 0):
 garbage-first heap   total 61440K, used 16145K [0x0000000704800000, 0x0000000800000000)
  region size 2048K, 3 young (6144K), 3 survivors (6144K)
 Metaspace       used 25183K, committed 25600K, reserved 1114112K
  class space    used 3209K, committed 3392K, reserved 1048576K
}
Event: 10.305 GC heap before
{Heap before GC invocations=5 (full 0):
 garbage-first heap   total 61440K, used 42769K [0x0000000704800000, 0x0000000800000000)
  region size 2048K, 16 young (32768K), 3 survivors (6144K)
 Metaspace       used 29294K, committed 29696K, reserved 1114112K
  class space    used 3803K, committed 3968K, reserved 1048576K
}
Event: 10.312 GC heap after
{Heap after GC invocations=6 (full 0):
 garbage-first heap   total 61440K, used 18868K [0x0000000704800000, 0x0000000800000000)
  region size 2048K, 2 young (4096K), 2 survivors (4096K)
 Metaspace       used 29294K, committed 29696K, reserved 1114112K
  class space    used 3803K, committed 3968K, reserved 1048576K
}
Event: 10.996 GC heap before
{Heap before GC invocations=6 (full 0):
 garbage-first heap   total 61440K, used 41396K [0x0000000704800000, 0x0000000800000000)
  region size 2048K, 14 young (28672K), 2 survivors (4096K)
 Metaspace       used 35595K, committed 36096K, reserved 1114112K
  class space    used 4763K, committed 4992K, reserved 1048576K
}
Event: 11.002 GC heap after
{Heap after GC invocations=7 (full 0):
 garbage-first heap   total 61440K, used 20135K [0x0000000704800000, 0x0000000800000000)
  region size 2048K, 1 young (2048K), 1 survivors (2048K)
 Metaspace       used 35595K, committed 36096K, reserved 1114112K
  class space    used 4763K, committed 4992K, reserved 1048576K
}
Event: 11.892 GC heap before
{Heap before GC invocations=8 (full 0):
 garbage-first heap   total 61440K, used 46759K [0x0000000704800000, 0x0000000800000000)
  region size 2048K, 14 young (28672K), 1 survivors (2048K)
 Metaspace       used 46650K, committed 47232K, reserved 1114112K
  class space    used 6114K, committed 6400K, reserved 1048576K
}
Event: 11.898 GC heap after
{Heap after GC invocations=9 (full 0):
 garbage-first heap   total 61440K, used 23254K [0x0000000704800000, 0x0000000800000000)
  region size 2048K, 2 young (4096K), 2 survivors (4096K)
 Metaspace       used 46650K, committed 47232K, reserved 1114112K
  class space    used 6114K, committed 6400K, reserved 1048576K
}
Event: 12.380 GC heap before
{Heap before GC invocations=9 (full 0):
 garbage-first heap   total 61440K, used 47830K [0x0000000704800000, 0x0000000800000000)
  region size 2048K, 15 young (30720K), 2 survivors (4096K)
 Metaspace       used 54411K, committed 54976K, reserved 1114112K
  class space    used 7215K, committed 7488K, reserved 1048576K
}
Event: 12.390 GC heap after
{Heap after GC invocations=10 (full 0):
 garbage-first heap   total 61440K, used 24693K [0x0000000704800000, 0x0000000800000000)
  region size 2048K, 1 young (2048K), 1 survivors (2048K)
 Metaspace       used 54411K, committed 54976K, reserved 1114112K
  class space    used 7215K, committed 7488K, reserved 1048576K
}
Event: 12.839 GC heap before
{Heap before GC invocations=10 (full 0):
 garbage-first heap   total 61440K, used 45173K [0x0000000704800000, 0x0000000800000000)
  region size 2048K, 12 young (24576K), 1 survivors (2048K)
 Metaspace       used 59714K, committed 60288K, reserved 1114112K
  class space    used 7955K, committed 8192K, reserved 1048576K
}
Event: 12.844 GC heap after
{Heap after GC invocations=11 (full 0):
 garbage-first heap   total 61440K, used 26000K [0x0000000704800000, 0x0000000800000000)
  region size 2048K, 2 young (4096K), 2 survivors (4096K)
 Metaspace       used 59714K, committed 60288K, reserved 1114112K
  class space    used 7955K, committed 8192K, reserved 1048576K
}
Event: 13.600 GC heap before
{Heap before GC invocations=12 (full 0):
 garbage-first heap   total 61440K, used 48528K [0x0000000704800000, 0x0000000800000000)
  region size 2048K, 14 young (28672K), 2 survivors (4096K)
 Metaspace       used 64353K, committed 64896K, reserved 1114112K
  class space    used 8650K, committed 8896K, reserved 1048576K
}

