# JRE version: Java(TM) SE Runtime Environment (21.0.8+12) (build 21.0.8+12-LTS-250)
# Java VM: Java HotSpot(TM) 64-Bit Server VM (21.0.8+12-LTS-250, mixed mode, sharing, tiered, compressed oops, compressed class ptrs, g1 gc, windows-amd64)
GC Precious Log:
 CardTable entry size: 512
 Card Set container configuration: InlinePtr #cards 4 size 8 Array Of Cards #cards 16 size 48 Howl #buckets 8 coarsen threshold 3686 Howl Bitmap #cards 512 size 80 coarsen threshold 460 Card regions per heap region 1 cards per card region 4096
 CPUs: 12 total, 12 available
 Memory: 16095M
 Large Page Support: Disabled
 NUMA Support: Disabled
 Compressed Oops: Enabled (Zero based)
 Heap Region Size: 2M
 Heap Min Capacity: 8M
 Heap Initial Capacity: 252M
 Heap Max Capacity: 4024M
 Pre-touch: Disabled
 Parallel Workers: 10
 Concurrent Workers: 3
 Concurrent Refinement Workers: 10
 Periodic GC: Disabled
Heap:
 garbage-first heap   total 153600K, used 125684K [0x0000000704800000, 0x0000000800000000)
  region size 2048K, 7 young (14336K), 1 survivors (2048K)
 Metaspace       used 40546K, committed 41024K, reserved 1114112K
  class space    used 4608K, committed 4864K, reserved 1048576K
GC Heap History (18 events):
Event: 0.595 GC heap before
{Heap before GC invocations=0 (full 0):
 garbage-first heap   total 258048K, used 22528K [0x0000000704800000, 0x0000000800000000)
  region size 2048K, 11 young (22528K), 0 survivors (0K)
 Metaspace       used 5630K, committed 5888K, reserved 1114112K
  class space    used 650K, committed 768K, reserved 1048576K
}
Event: 0.600 GC heap after
{Heap after GC invocations=1 (full 0):
 garbage-first heap   total 258048K, used 3741K [0x0000000704800000, 0x0000000800000000)
  region size 2048K, 2 young (4096K), 2 survivors (4096K)
 Metaspace       used 5630K, committed 5888K, reserved 1114112K
  class space    used 650K, committed 768K, reserved 1048576K
}
Event: 1.124 GC heap before
{Heap before GC invocations=1 (full 0):
 garbage-first heap   total 258048K, used 36509K [0x0000000704800000, 0x0000000800000000)
  region size 2048K, 18 young (36864K), 2 survivors (4096K)
 Metaspace       used 9882K, committed 10048K, reserved 1114112K
  class space    used 1162K, committed 1280K, reserved 1048576K
}
Event: 1.128 GC heap after
{Heap after GC invocations=2 (full 0):
 garbage-first heap   total 258048K, used 5549K [0x0000000704800000, 0x0000000800000000)
  region size 2048K, 1 young (2048K), 1 survivors (2048K)
 Metaspace       used 9882K, committed 10048K, reserved 1114112K
  class space    used 1162K, committed 1280K, reserved 1048576K
}
Event: 3.859 GC heap before
{Heap before GC invocations=2 (full 0):
 garbage-first heap   total 258048K, used 153005K [0x0000000704800000, 0x0000000800000000)
  region size 2048K, 71 young (145408K), 1 survivors (2048K)
 Metaspace       used 21139K, committed 21504K, reserved 1114112K
  class space    used 2422K, committed 2624K, reserved 1048576K
}
Event: 3.872 GC heap after
{Heap after GC invocations=3 (full 0):
 garbage-first heap   total 258048K, used 28139K [0x0000000704800000, 0x0000000800000000)
  region size 2048K, 8 young (16384K), 8 survivors (16384K)
 Metaspace       used 21139K, committed 21504K, reserved 1114112K
  class space    used 2422K, committed 2624K, reserved 1048576K
}
Event: 4.919 GC heap before
{Heap before GC invocations=4 (full 0):
 garbage-first heap   total 102400K, used 101867K [0x0000000704800000, 0x0000000800000000)
  region size 2048K, 42 young (86016K), 8 survivors (16384K)
 Metaspace       used 27993K, committed 28416K, reserved 1114112K
  class space    used 3207K, committed 3392K, reserved 1048576K
}
Event: 4.928 GC heap after
{Heap after GC invocations=5 (full 0):
 garbage-first heap   total 122880K, used 30695K [0x0000000704800000, 0x0000000800000000)
  region size 2048K, 4 young (8192K), 4 survivors (8192K)
 Metaspace       used 27993K, committed 28416K, reserved 1114112K
  class space    used 3207K, committed 3392K, reserved 1048576K
}
Event: 5.443 GC heap before
{Heap before GC invocations=5 (full 0):
 garbage-first heap   total 122880K, used 94183K [0x0000000704800000, 0x0000000800000000)
  region size 2048K, 36 young (73728K), 4 survivors (8192K)
 Metaspace       used 28475K, committed 28864K, reserved 1114112K
  class space    used 3231K, committed 3392K, reserved 1048576K
}
Event: 5.447 GC heap after
{Heap after GC invocations=6 (full 0):
 garbage-first heap   total 122880K, used 33042K [0x0000000704800000, 0x0000000800000000)
  region size 2048K, 4 young (8192K), 4 survivors (8192K)
 Metaspace       used 28475K, committed 28864K, reserved 1114112K
  class space    used 3231K, committed 3392K, reserved 1048576K
}
Event: 6.612 GC heap before
{Heap before GC invocations=6 (full 0):
 garbage-first heap   total 122880K, used 96530K [0x0000000704800000, 0x0000000800000000)
  region size 2048K, 36 young (73728K), 4 survivors (8192K)
 Metaspace       used 31966K, committed 32384K, reserved 1114112K
  class space    used 3633K, committed 3840K, reserved 1048576K
}
Event: 6.615 GC heap after
{Heap after GC invocations=7 (full 0):
 garbage-first heap   total 122880K, used 42673K [0x0000000704800000, 0x0000000800000000)
  region size 2048K, 5 young (10240K), 5 survivors (10240K)
 Metaspace       used 31966K, committed 32384K, reserved 1114112K
  class space    used 3633K, committed 3840K, reserved 1048576K
}
Event: 7.046 GC heap before
{Heap before GC invocations=7 (full 0):
 garbage-first heap   total 122880K, used 71345K [0x0000000704800000, 0x0000000800000000)
  region size 2048K, 10 young (20480K), 5 survivors (10240K)
 Metaspace       used 32028K, committed 32448K, reserved 1114112K
  class space    used 3641K, committed 3840K, reserved 1048576K
}
Event: 7.048 GC heap after
{Heap after GC invocations=8 (full 0):
 garbage-first heap   total 122880K, used 72319K [0x0000000704800000, 0x0000000800000000)
  region size 2048K, 4 young (8192K), 4 survivors (8192K)
 Metaspace       used 32028K, committed 32448K, reserved 1114112K
  class space    used 3641K, committed 3840K, reserved 1048576K
}
Event: 10.368 GC heap before
{Heap before GC invocations=9 (full 0):
 garbage-first heap   total 153600K, used 139903K [0x0000000704800000, 0x0000000800000000)
  region size 2048K, 17 young (34816K), 4 survivors (8192K)
 Metaspace       used 39711K, committed 40128K, reserved 1114112K
  class space    used 4536K, committed 4736K, reserved 1048576K
}
Event: 10.372 GC heap after
{Heap after GC invocations=10 (full 0):
 garbage-first heap   total 153600K, used 116422K [0x0000000704800000, 0x0000000800000000)
  region size 2048K, 2 young (4096K), 2 survivors (4096K)
 Metaspace       used 39711K, committed 40128K, reserved 1114112K
  class space    used 4536K, committed 4736K, reserved 1048576K
}
Event: 11.756 GC heap before
{Heap before GC invocations=10 (full 0):
 garbage-first heap   total 153600K, used 132806K [0x0000000704800000, 0x0000000800000000)
  region size 2048K, 11 young (22528K), 2 survivors (4096K)
 Metaspace       used 40074K, committed 40512K, reserved 1114112K
  class space    used 4549K, committed 4736K, reserved 1048576K
}
Event: 11.759 GC heap after
{Heap after GC invocations=11 (full 0):
 garbage-first heap   total 153600K, used 115444K [0x0000000704800000, 0x0000000800000000)
  region size 2048K, 1 young (2048K), 1 survivors (2048K)
 Metaspace       used 40074K, committed 40512K, reserved 1114112K
  class space    used 4549K, committed 4736K, reserved 1048576K
}

